<?xml version="1.0" encoding="UTF-8"?>
<!-- Generated by org.testng.reporters.JUnitReportReporter -->
<testsuite skipped="0" hostname="DESKTOP-OVVJR1P" name="testcases.DeleteContactTest" tests="1" failures="0" timestamp="28 Aug 2020 01:20:22 GMT" time="4.179" errors="0">
  <testcase name="DeleteContactTestCase" time="4.179" classname="testcases.DeleteContactTest"/>
</testsuite> <!-- testcases.DeleteContactTest -->
