<?xml version="1.0" encoding="UTF-8"?>
<!-- Generated by org.testng.reporters.JUnitReportReporter -->
<testsuite skipped="0" hostname="DESKTOP-OVVJR1P" name="testcases.CreateContactTest" tests="1" failures="0" timestamp="28 Aug 2020 01:20:22 GMT" time="10.163" errors="0">
  <testcase name="CreateContactTestCase" time="10.163" classname="testcases.CreateContactTest"/>
</testsuite> <!-- testcases.CreateContactTest -->
